<?xml version="1.0" encoding="UTF-8"?>
<!-- Generated by org.testng.reporters.JUnitReportReporter -->
<testsuite hostname="eps46-Epixel" failures="0" tests="1" name="RunnerClass.TestRunner" time="294.034" errors="0" timestamp="2024-03-31T14:13:18 IST" skipped="0">
  <testcase classname="RunnerClass.TestRunner" name="adminreports" time="294.034"/>
  <system-out/>
</testsuite> <!-- RunnerClass.TestRunner -->
