<?xml version="1.0" encoding="UTF-8"?>
<!-- Generated by org.testng.reporters.JUnitReportReporter -->
<testsuite hostname="eps46-Epixel" failures="0" tests="4" name="WebPro.TestProcess" time="0.027" errors="0" timestamp="2024-06-04T12:28:37 IST" skipped="0">
  <testcase classname="WebPro.TestProcess" name="cwebthree" time="0.003"/>
  <system-out/>
  <testcase classname="WebPro.TestProcess" name="aweb" time="0.019"/>
  <system-out/>
  <testcase classname="WebPro.TestProcess" name="dwebfourth" time="0.003"/>
  <system-out/>
  <testcase classname="WebPro.TestProcess" name="webtwo" time="0.002"/>
  <system-out/>
</testsuite> <!-- WebPro.TestProcess -->
