<?xml version="1.0" encoding="UTF-8"?>
<!-- Generated by org.testng.reporters.JUnitReportReporter -->
<testsuite hostname="eps46-Epixel" failures="0" tests="3" name="rootNew.secondClass" time="0.013" errors="0" timestamp="2024-06-11T23:33:16 IST" skipped="0">
  <testcase classname="rootNew.secondClass" name="value" time="0.003"/>
  <system-out/>
  <testcase classname="rootNew.secondClass" name="ant" time="0.008"/>
  <system-out/>
  <testcase classname="rootNew.secondClass" name="kumar" time="0.002"/>
  <system-out/>
</testsuite> <!-- rootNew.secondClass -->
