<?xml version="1.0" encoding="UTF-8"?>
<!-- Generated by org.testng.reporters.JUnitReportReporter -->
<testsuite hostname="eps46-Epixel" failures="0" tests="4" name="rootNew.RootExample" time="0.027" errors="0" timestamp="2024-06-11T23:33:16 IST" skipped="0">
  <testcase classname="rootNew.RootExample" name="ahigh" time="0.002"/>
  <system-out/>
  <testcase classname="rootNew.RootExample" name="dhigh" time="0.003"/>
  <system-out/>
  <testcase classname="rootNew.RootExample" name="chigh" time="0.003"/>
  <system-out/>
  <testcase classname="rootNew.RootExample" name="bhigh" time="0.019"/>
  <system-out/>
</testsuite> <!-- rootNew.RootExample -->
