<?xml version="1.0" encoding="UTF-8"?>
<!-- Generated by org.testng.reporters.JUnitReportReporter -->
<testsuite hostname="eps46-Epixel" failures="0" tests="10" name="practicee.NewPractice" time="0.071" errors="0" timestamp="2024-06-12T10:28:51 IST" skipped="0">
  <testcase classname="practicee.NewPractice" name="breg" time="0.003"/>
  <system-out/>
  <testcase classname="practicee.NewPractice" name="breg" time="0.015"/>
  <system-out/>
  <testcase classname="practicee.NewPractice" name="breg" time="0.003"/>
  <system-out/>
  <testcase classname="practicee.NewPractice" name="breg" time="0.005"/>
  <system-out/>
  <testcase classname="practicee.NewPractice" name="breg" time="0.004"/>
  <system-out/>
  <testcase classname="practicee.NewPractice" name="breg" time="0.003"/>
  <system-out/>
  <testcase classname="practicee.NewPractice" name="breg" time="0.027"/>
  <system-out/>
  <testcase classname="practicee.NewPractice" name="breg" time="0.002"/>
  <system-out/>
  <testcase classname="practicee.NewPractice" name="breg" time="0.007"/>
  <system-out/>
  <testcase classname="practicee.NewPractice" name="breg" time="0.002"/>
  <system-out/>
</testsuite> <!-- practicee.NewPractice -->
